🟡 TABLETOP MODE — destructive steps will be logged, not executed.
   To run a real drill, set TABLETOP=0 DRILL_ENV=staging and provide credentials.
📂 Evidence dir: /home/usuario/b2b-med-platform/docs/security/dr-evidence/2026-04-18
[2026-04-18T20:27:27-03:00] ===== Cenário 5: Region failure drill =====
⏱️  Timer started at 2026-04-18T20:27:27-03:00
[2026-04-18T20:27:27-03:00] Step 1: confirm scenario via external status pages
[2026-04-18T20:27:27-03:00]   → status.vercel-status.com
[2026-04-18T20:27:27-03:00]   → status.supabase.com
[2026-04-18T20:27:27-03:00]   → status.cloudflare.com
[2026-04-18T20:27:27-03:00] 🕒 TABLETOP — would await human action: Press Enter when external status confirmed... 
⏱️  05-confirm-external: 0m1s (1s total)
⏱️  Timer started at 2026-04-18T20:27:28-03:00
[2026-04-18T20:27:28-03:00] Step 2: enable Cloudflare Workers fallback page
[2026-04-18T20:27:28-03:00]   (manual — log into Cloudflare dashboard, enable 'maintenance' worker)
[2026-04-18T20:27:28-03:00] 🛠️  TABLETOP — would run: wrangler deploy maintenance-worker --env production
[2026-04-18T20:27:28-03:00] 🕒 TABLETOP — would await human action: Press Enter when fallback live... 
⏱️  05-fallback-enable: 0m1s (1s total)
⏱️  Timer started at 2026-04-18T20:27:29-03:00
[2026-04-18T20:27:29-03:00] Step 3: comms
[2026-04-18T20:27:29-03:00]   - update /status (status.clinipharma.com.br) with 'major outage'
[2026-04-18T20:27:29-03:00]   - send email to all partner ops contacts (template: docs/templates/incident-comms.md)
[2026-04-18T20:27:29-03:00]   - post to internal Slack #incidents channel
[2026-04-18T20:27:29-03:00] 🕒 TABLETOP — would await human action: Press Enter when comms sent... 
⏱️  05-comms-sent: 0m1s (1s total)
[2026-04-18T20:27:30-03:00] Step 4: monitor recovery
[2026-04-18T20:27:30-03:00]   - poll vendor status pages every 5 min
[2026-04-18T20:27:30-03:00]   - check /api/health every 30s once vendor is green
[2026-04-18T20:27:30-03:00] 🕒 TABLETOP — would await human action: Press Enter when service recovered... 
⏱️  Timer started at 2026-04-18T20:27:31-03:00
[2026-04-18T20:27:31-03:00] Step 5: post-recovery validation
[2026-04-18T20:27:31-03:00]   /api/health → HTTP 200 (TABLETOP synthetic)
[2026-04-18T20:27:31-03:00]   /api/health/deep → HTTP 200 (TABLETOP synthetic)
[2026-04-18T20:27:31-03:00]   - verify cron jobs resumed (Inngest dashboard)
[2026-04-18T20:27:31-03:00]   - verify queued notifications drained
[2026-04-18T20:27:31-03:00]   - check error rate in Sentry returned to baseline
⏱️  05-post-recovery-validation: 0m0s (0s total)
[2026-04-18T20:27:31-03:00] ===== Cenário 5: COMPLETE =====
